Performing C SOURCE FILE Test CMAKE_HAVE_LIBC_PTHREAD failed with the following output:
Change Dir: /home/vova/Documents/ChannelProject/build/CMakeFiles/CMakeTmp

Run Build Command(s):/usr/bin/make cmTC_5b1b8/fast && /usr/bin/make -f CMakeFiles/cmTC_5b1b8.dir/build.make CMakeFiles/cmTC_5b1b8.dir/build
make[1]: Entering directory '/home/vova/Documents/ChannelProject/build/CMakeFiles/CMakeTmp'
Building C object CMakeFiles/cmTC_5b1b8.dir/src.c.o
/usr/bin/c89-gcc   -DCMAKE_HAVE_LIBC_PTHREAD   -o CMakeFiles/cmTC_5b1b8.dir/src.c.o   -c /home/vova/Documents/ChannelProject/build/CMakeFiles/CMakeTmp/src.c
Linking C executable cmTC_5b1b8
/usr/bin/cmake -E cmake_link_script CMakeFiles/cmTC_5b1b8.dir/link.txt --verbose=1
/usr/bin/c89-gcc  -DCMAKE_HAVE_LIBC_PTHREAD    -rdynamic CMakeFiles/cmTC_5b1b8.dir/src.c.o  -o cmTC_5b1b8 
/usr/bin/ld: CMakeFiles/cmTC_5b1b8.dir/src.c.o: in function `main':
src.c:(.text+0x46): undefined reference to `pthread_create'
/usr/bin/ld: src.c:(.text+0x52): undefined reference to `pthread_detach'
/usr/bin/ld: src.c:(.text+0x63): undefined reference to `pthread_join'
collect2: error: ld returned 1 exit status
make[1]: *** [CMakeFiles/cmTC_5b1b8.dir/build.make:87: cmTC_5b1b8] Error 1
make[1]: Leaving directory '/home/vova/Documents/ChannelProject/build/CMakeFiles/CMakeTmp'
make: *** [Makefile:121: cmTC_5b1b8/fast] Error 2


Source file was:
#include <pthread.h>

void* test_func(void* data)
{
  return data;
}

int main(void)
{
  pthread_t thread;
  pthread_create(&thread, NULL, test_func, NULL);
  pthread_detach(thread);
  pthread_join(thread, NULL);
  pthread_atfork(NULL, NULL, NULL);
  pthread_exit(NULL);

  return 0;
}

Determining if the function pthread_create exists in the pthreads failed with the following output:
Change Dir: /home/vova/Documents/ChannelProject/build/CMakeFiles/CMakeTmp

Run Build Command(s):/usr/bin/make cmTC_a5138/fast && /usr/bin/make -f CMakeFiles/cmTC_a5138.dir/build.make CMakeFiles/cmTC_a5138.dir/build
make[1]: Entering directory '/home/vova/Documents/ChannelProject/build/CMakeFiles/CMakeTmp'
Building C object CMakeFiles/cmTC_a5138.dir/CheckFunctionExists.c.o
/usr/bin/c89-gcc   -DCHECK_FUNCTION_EXISTS=pthread_create   -o CMakeFiles/cmTC_a5138.dir/CheckFunctionExists.c.o   -c /usr/share/cmake-3.16/Modules/CheckFunctionExists.c
Linking C executable cmTC_a5138
/usr/bin/cmake -E cmake_link_script CMakeFiles/cmTC_a5138.dir/link.txt --verbose=1
/usr/bin/c89-gcc  -DCHECK_FUNCTION_EXISTS=pthread_create    -rdynamic CMakeFiles/cmTC_a5138.dir/CheckFunctionExists.c.o  -o cmTC_a5138  -lpthreads 
/usr/bin/ld: cannot find -lpthreads
collect2: error: ld returned 1 exit status
make[1]: *** [CMakeFiles/cmTC_a5138.dir/build.make:87: cmTC_a5138] Error 1
make[1]: Leaving directory '/home/vova/Documents/ChannelProject/build/CMakeFiles/CMakeTmp'
make: *** [Makefile:121: cmTC_a5138/fast] Error 2



Performing C SOURCE FILE Test CMAKE_HAVE_LIBC_PTHREAD failed with the following output:
Change Dir: /home/vova/Documents/ChannelProject/build/CMakeFiles/CMakeTmp

Run Build Command(s):/usr/bin/make cmTC_e8e8f/fast && /usr/bin/make -f CMakeFiles/cmTC_e8e8f.dir/build.make CMakeFiles/cmTC_e8e8f.dir/build
make[1]: Entering directory '/home/vova/Documents/ChannelProject/build/CMakeFiles/CMakeTmp'
Building C object CMakeFiles/cmTC_e8e8f.dir/src.c.o
/usr/bin/cc   -DCMAKE_HAVE_LIBC_PTHREAD   -o CMakeFiles/cmTC_e8e8f.dir/src.c.o   -c /home/vova/Documents/ChannelProject/build/CMakeFiles/CMakeTmp/src.c
Linking C executable cmTC_e8e8f
/usr/bin/cmake -E cmake_link_script CMakeFiles/cmTC_e8e8f.dir/link.txt --verbose=1
/usr/bin/cc  -DCMAKE_HAVE_LIBC_PTHREAD    -rdynamic CMakeFiles/cmTC_e8e8f.dir/src.c.o  -o cmTC_e8e8f 
/usr/bin/ld: CMakeFiles/cmTC_e8e8f.dir/src.c.o: in function `main':
src.c:(.text+0x46): undefined reference to `pthread_create'
/usr/bin/ld: src.c:(.text+0x52): undefined reference to `pthread_detach'
/usr/bin/ld: src.c:(.text+0x63): undefined reference to `pthread_join'
collect2: error: ld returned 1 exit status
make[1]: *** [CMakeFiles/cmTC_e8e8f.dir/build.make:87: cmTC_e8e8f] Error 1
make[1]: Leaving directory '/home/vova/Documents/ChannelProject/build/CMakeFiles/CMakeTmp'
make: *** [Makefile:121: cmTC_e8e8f/fast] Error 2


Source file was:
#include <pthread.h>

void* test_func(void* data)
{
  return data;
}

int main(void)
{
  pthread_t thread;
  pthread_create(&thread, NULL, test_func, NULL);
  pthread_detach(thread);
  pthread_join(thread, NULL);
  pthread_atfork(NULL, NULL, NULL);
  pthread_exit(NULL);

  return 0;
}

Determining if the function pthread_create exists in the pthreads failed with the following output:
Change Dir: /home/vova/Documents/ChannelProject/build/CMakeFiles/CMakeTmp

Run Build Command(s):/usr/bin/make cmTC_cdac0/fast && /usr/bin/make -f CMakeFiles/cmTC_cdac0.dir/build.make CMakeFiles/cmTC_cdac0.dir/build
make[1]: Entering directory '/home/vova/Documents/ChannelProject/build/CMakeFiles/CMakeTmp'
Building C object CMakeFiles/cmTC_cdac0.dir/CheckFunctionExists.c.o
/usr/bin/cc   -DCHECK_FUNCTION_EXISTS=pthread_create   -o CMakeFiles/cmTC_cdac0.dir/CheckFunctionExists.c.o   -c /usr/share/cmake-3.16/Modules/CheckFunctionExists.c
Linking C executable cmTC_cdac0
/usr/bin/cmake -E cmake_link_script CMakeFiles/cmTC_cdac0.dir/link.txt --verbose=1
/usr/bin/cc  -DCHECK_FUNCTION_EXISTS=pthread_create    -rdynamic CMakeFiles/cmTC_cdac0.dir/CheckFunctionExists.c.o  -o cmTC_cdac0  -lpthreads 
/usr/bin/ld: cannot find -lpthreads
collect2: error: ld returned 1 exit status
make[1]: *** [CMakeFiles/cmTC_cdac0.dir/build.make:87: cmTC_cdac0] Error 1
make[1]: Leaving directory '/home/vova/Documents/ChannelProject/build/CMakeFiles/CMakeTmp'
make: *** [Makefile:121: cmTC_cdac0/fast] Error 2



Performing C SOURCE FILE Test CMAKE_HAVE_LIBC_PTHREAD failed with the following output:
Change Dir: /home/vova/Documents/ChannelProject/build/CMakeFiles/CMakeTmp

Run Build Command(s):/usr/bin/make cmTC_ba188/fast && /usr/bin/make -f CMakeFiles/cmTC_ba188.dir/build.make CMakeFiles/cmTC_ba188.dir/build
make[1]: Entering directory '/home/vova/Documents/ChannelProject/build/CMakeFiles/CMakeTmp'
Building C object CMakeFiles/cmTC_ba188.dir/src.c.o
/usr/bin/cc   -DCMAKE_HAVE_LIBC_PTHREAD   -o CMakeFiles/cmTC_ba188.dir/src.c.o   -c /home/vova/Documents/ChannelProject/build/CMakeFiles/CMakeTmp/src.c
Linking C executable cmTC_ba188
/usr/bin/cmake -E cmake_link_script CMakeFiles/cmTC_ba188.dir/link.txt --verbose=1
/usr/bin/cc  -DCMAKE_HAVE_LIBC_PTHREAD    -rdynamic CMakeFiles/cmTC_ba188.dir/src.c.o  -o cmTC_ba188 
/usr/bin/ld: CMakeFiles/cmTC_ba188.dir/src.c.o: in function `main':
src.c:(.text+0x46): undefined reference to `pthread_create'
/usr/bin/ld: src.c:(.text+0x52): undefined reference to `pthread_detach'
/usr/bin/ld: src.c:(.text+0x63): undefined reference to `pthread_join'
collect2: error: ld returned 1 exit status
make[1]: *** [CMakeFiles/cmTC_ba188.dir/build.make:87: cmTC_ba188] Error 1
make[1]: Leaving directory '/home/vova/Documents/ChannelProject/build/CMakeFiles/CMakeTmp'
make: *** [Makefile:121: cmTC_ba188/fast] Error 2


Source file was:
#include <pthread.h>

void* test_func(void* data)
{
  return data;
}

int main(void)
{
  pthread_t thread;
  pthread_create(&thread, NULL, test_func, NULL);
  pthread_detach(thread);
  pthread_join(thread, NULL);
  pthread_atfork(NULL, NULL, NULL);
  pthread_exit(NULL);

  return 0;
}

Determining if the function pthread_create exists in the pthreads failed with the following output:
Change Dir: /home/vova/Documents/ChannelProject/build/CMakeFiles/CMakeTmp

Run Build Command(s):/usr/bin/make cmTC_1961a/fast && /usr/bin/make -f CMakeFiles/cmTC_1961a.dir/build.make CMakeFiles/cmTC_1961a.dir/build
make[1]: Entering directory '/home/vova/Documents/ChannelProject/build/CMakeFiles/CMakeTmp'
Building C object CMakeFiles/cmTC_1961a.dir/CheckFunctionExists.c.o
/usr/bin/cc   -DCHECK_FUNCTION_EXISTS=pthread_create   -o CMakeFiles/cmTC_1961a.dir/CheckFunctionExists.c.o   -c /usr/share/cmake-3.16/Modules/CheckFunctionExists.c
Linking C executable cmTC_1961a
/usr/bin/cmake -E cmake_link_script CMakeFiles/cmTC_1961a.dir/link.txt --verbose=1
/usr/bin/cc  -DCHECK_FUNCTION_EXISTS=pthread_create    -rdynamic CMakeFiles/cmTC_1961a.dir/CheckFunctionExists.c.o  -o cmTC_1961a  -lpthreads 
/usr/bin/ld: cannot find -lpthreads
collect2: error: ld returned 1 exit status
make[1]: *** [CMakeFiles/cmTC_1961a.dir/build.make:87: cmTC_1961a] Error 1
make[1]: Leaving directory '/home/vova/Documents/ChannelProject/build/CMakeFiles/CMakeTmp'
make: *** [Makefile:121: cmTC_1961a/fast] Error 2



